#
# A fatal error has been detected by the Java Runtime Environment:
#
#  Internal Error (javaClasses.cpp:129), pid=9020, tid=6212
#  fatal error: Invalid layout of preloaded class
#
# JRE version: 7.0_25-b17
# Java VM: Java HotSpot(TM) Client VM (23.25-b01 mixed mode windows-x86 )
# Failed to write core dump. Minidumps are not enabled by default on client versions of Windows
#
# If you would like to submit a bug report, please visit:
#   http://bugreport.sun.com/bugreport/crash.jsp
#

---------------  T H R E A D  ---------------

Current thread (0x0017b400):  JavaThread "Unknown thread" [_thread_in_vm, id=6212, stack(0x00400000,0x00450000)]

Stack: [0x00400000,0x00450000],  sp=0x0044f3a4,  free space=316k
Native frames: (J=compiled Java code, j=interpreted, Vv=VM code, C=native code)
V  [jvm.dll+0x167e31]
V  [jvm.dll+0x1620f6]
V  [jvm.dll+0x1f92f]
V  [jvm.dll+0x1f9b6]
V  [jvm.dll+0x2cffd]
V  [jvm.dll+0x2d2a9]
V  [jvm.dll+0x75351]
V  [jvm.dll+0x7570b]
V  [jvm.dll+0x123881]
V  [jvm.dll+0x1439cc]
V  [jvm.dll+0xa619f]
C  [javaw.exe+0x13ca]
C  [javaw.exe+0x1e3c]
C  [javaw.exe+0xa5b1]
C  [javaw.exe+0xa63b]
C  [kernel32.dll+0x1336a]  BaseThreadInitThunk+0x12
C  [ntdll.dll+0x39f72]  RtlInitializeExceptionChain+0x63
C  [ntdll.dll+0x39f45]  RtlInitializeExceptionChain+0x36


---------------  P R O C E S S  ---------------

Java Threads: ( => current thread )

Other Threads:

=>0x0017b400 (exited) JavaThread "Unknown thread" [_thread_in_vm, id=6212, stack(0x00400000,0x00450000)]

VM state:not at safepoint (not fully initialized)

VM Mutex/Monitor currently owned by a thread: None

GC Heap History (0 events):
No events

Deoptimization events (0 events):
No events

Internal exceptions (0 events):
No events

Events (10 events):
Event: 0.303 loading class 0x00d0e430 done
Event: 0.303 loading class 0x00d0d910 done
Event: 0.303 loading class 0x00d0d8e8
Event: 0.304 loading class 0x00d83900
Event: 0.304 loading class 0x00d83900 done
Event: 0.304 loading class 0x00d83938
Event: 0.304 loading class 0x00d83938 done
Event: 0.304 loading class 0x00d787f0
Event: 0.304 loading class 0x00d787f0 done
Event: 0.304 loading class 0x00d0d8e8 done


Dynamic libraries:
0x010d0000 - 0x010ff000 	C:\Program Files (x86)\Java\jre7\bin\javaw.exe
0x778c0000 - 0x77a40000 	C:\Windows\SysWOW64\ntdll.dll
0x773b0000 - 0x774c0000 	C:\Windows\syswow64\kernel32.dll
0x75960000 - 0x759a7000 	C:\Windows\syswow64\KERNELBASE.dll
0x759b0000 - 0x75a50000 	C:\Windows\syswow64\ADVAPI32.dll
0x75650000 - 0x756fc000 	C:\Windows\syswow64\msvcrt.dll
0x75720000 - 0x75739000 	C:\Windows\SysWOW64\sechost.dll
0x76220000 - 0x76310000 	C:\Windows\syswow64\RPCRT4.dll
0x752e0000 - 0x75340000 	C:\Windows\syswow64\SspiCli.dll
0x752d0000 - 0x752dc000 	C:\Windows\syswow64\CRYPTBASE.dll
0x75cd0000 - 0x75dd0000 	C:\Windows\syswow64\USER32.dll
0x75fc0000 - 0x76050000 	C:\Windows\syswow64\GDI32.dll
0x75ae0000 - 0x75aea000 	C:\Windows\syswow64\LPK.dll
0x75f20000 - 0x75fbd000 	C:\Windows\syswow64\USP10.dll
0x6f2b0000 - 0x6f44e000 	C:\Windows\WinSxS\x86_microsoft.windows.common-controls_6595b64144ccf1df_6.0.7601.17514_none_41e6975e2bd6f2b2\COMCTL32.dll
0x75440000 - 0x75497000 	C:\Windows\syswow64\SHLWAPI.dll
0x75de0000 - 0x75e40000 	C:\Windows\system32\IMM32.DLL
0x75e50000 - 0x75f1c000 	C:\Windows\syswow64\MSCTF.dll
0x75160000 - 0x75195000 	C:\Windows\SysWOW64\nvinit.dll
0x0f000000 - 0x0f006000 	C:\Program Files (x86)\NVIDIA Corporation\CoProcManager\_etoured.dll
0x71c50000 - 0x71c9c000 	C:\Program Files (x86)\NVIDIA Corporation\CoProcManager\nvd3d9wrap.dll
0x75af0000 - 0x75c8d000 	C:\Windows\syswow64\SETUPAPI.dll
0x754a0000 - 0x754c7000 	C:\Windows\syswow64\CFGMGR32.dll
0x77170000 - 0x771ff000 	C:\Windows\syswow64\OLEAUT32.dll
0x754e0000 - 0x7563c000 	C:\Windows\syswow64\ole32.dll
0x75700000 - 0x75712000 	C:\Windows\syswow64\DEVOBJ.dll
0x6ee80000 - 0x6eeb3000 	C:\Program Files (x86)\NVIDIA Corporation\CoProcManager\nvdxgiwrap.dll
0x6dd30000 - 0x6ddee000 	C:\Program Files (x86)\Java\jre7\bin\msvcr100.dll
0x52360000 - 0x526a2000 	C:\Program Files (x86)\Java\jre7\bin\client\jvm.dll
0x723e0000 - 0x723e7000 	C:\Windows\system32\WSOCK32.dll
0x75c90000 - 0x75cc5000 	C:\Windows\syswow64\WS2_32.dll
0x75640000 - 0x75646000 	C:\Windows\syswow64\NSI.dll
0x6f690000 - 0x6f6c2000 	C:\Windows\system32\WINMM.dll
0x75dd0000 - 0x75dd5000 	C:\Windows\syswow64\PSAPI.DLL
0x74510000 - 0x7451c000 	C:\Program Files (x86)\Java\jre7\bin\verify.dll
0x74200000 - 0x74220000 	C:\Program Files (x86)\Java\jre7\bin\java.dll
0x74260000 - 0x74273000 	C:\Program Files (x86)\Java\jre7\bin\zip.dll
0x724a0000 - 0x7258b000 	C:\Windows\system32\dbghelp.dll

VM Arguments:
jvm_args: -Dfile.encoding=Cp1252 -Xbootclasspath:C:\Program Files (x86)\Android\android-sdk\platforms\android-18\android.jar 
java_command: org.eclipse.jdt.internal.junit.runner.RemoteTestRunner -version 3 -port 54781 -testLoaderClass org.eclipse.jdt.internal.junit4.runner.JUnit4TestLoader -loaderpluginname org.eclipse.jdt.junit4.runtime -classNames mazeCraze.TestGrid
Launcher Type: SUN_STANDARD

Environment Variables:
CLASSPATH=.;C:\Program Files (x86)\Java\jre7\lib\ext\QTJava.zip
PATH=C:/Program Files (x86)/Java/jre7/bin/client;C:/Program Files (x86)/Java/jre7/bin;C:/Program Files (x86)/Java/jre7/lib/i386;C:\Program Files (x86)\Intel\iCLS Client\;C:\Program Files\Intel\iCLS Client\;C:\Program Files\Common Files\Microsoft Shared\Windows Live;C:\Program Files (x86)\Common Files\Microsoft Shared\Windows Live;C:\Windows\system32;C:\Windows;C:\Windows\System32\Wbem;C:\Windows\System32\WindowsPowerShell\v1.0\;C:\Program Files (x86)\Windows Live\Shared;C:\Program Files\Intel\Intel(R) Management Engine Components\DAL;C:\Program Files\Intel\Intel(R) Management Engine Components\IPT;C:\Program Files (x86)\Intel\Intel(R) Management Engine Components\DAL;C:\Program Files (x86)\Intel\Intel(R) Management Engine Components\IPT;C:\Program Files (x86)\QuickTime\QTSystem\;C:\Program Files (x86)\Microsoft SQL Server\100\Tools\Binn\;C:\Program Files\Microsoft SQL Server\100\Tools\Binn\;C:\Program Files\Microsoft SQL Server\100\DTS\Binn\;C:\Program Files (x86)\Microsoft SQL Server\110\Tools\Binn\;C:\Program Files\Microsoft SQL Server\110\Tools\Binn\;C:\Program Files\Microsoft SQL Server\110\DTS\Binn\;C:\Program Files (x86)\Intel\OpenCL SDK\2.0\bin\x86;C:\Program Files (x86)\Intel\OpenCL SDK\2.0\bin\x64;C:\Program Files (x86)\Git\cmd;C:\Program Files (x86)\SSH Communications Security\SSH Secure Shell;C:\eclipse;
USERNAME=victoria
OS=Windows_NT
PROCESSOR_IDENTIFIER=Intel64 Family 6 Model 58 Stepping 9, GenuineIntel



---------------  S Y S T E M  ---------------

OS: Windows 7 , 64 bit Build 7601 Service Pack 1

CPU:total 8 (4 cores per cpu, 2 threads per core) family 6 model 58 stepping 9, cmov, cx8, fxsr, mmx, sse, sse2, sse3, ssse3, sse4.1, sse4.2, popcnt, avx, ht, tsc, tscinvbit, tscinv

Memory: 4k page, physical 4077420k(1162648k free), swap 8152976k(3246540k free)

vm_info: Java HotSpot(TM) Client VM (23.25-b01) for windows-x86 JRE (1.7.0_25-b17), built on Jun 21 2013 13:06:48 by "java_re" with unknown MS VC++:1600

time: Sun Feb 23 19:21:01 2014
elapsed time: 0 seconds

